regs:0x0 value:0x4a
regs:0x1 value:0x0
regs:0x2 value:0x0
regs:0x3 value:0x0
regs:0x4 value:0x0
regs:0x5 value:0x0
regs:0x6 value:0x1
regs:0x7 value:0x9b
regs:0x8 value:0x0
regs:0x9 value:0x81
regs:0xa value:0x0
regs:0xb value:0x0
regs:0xc value:0x0
regs:0xd value:0x0
regs:0xe value:0x0
regs:0xf value:0x0
regs:0x10 value:0x4f
regs:0x11 value:0x0
regs:0x12 value:0x0
regs:0x13 value:0xc0
regs:0x14 value:0x29
regs:0x15 value:0x0
regs:0x16 value:0xf
regs:0x17 value:0xd0
regs:0x18 value:0x1
regs:0x19 value:0x0
regs:0x1a value:0x0
regs:0x1b value:0x0
regs:0x1c value:0x0
regs:0x1d value:0x0
regs:0x1e value:0x0
regs:0x1f value:0x0
regs:0x20 value:0x99
regs:0x21 value:0x93
regs:0x22 value:0x93
regs:0x23 value:0x0
regs:0x24 value:0x0
regs:0x25 value:0x30
regs:0x26 value:0x0
regs:0x27 value:0x0
regs:0x28 value:0x0
regs:0x29 value:0x0
regs:0x2a value:0x0
regs:0x2b value:0x0
regs:0x2c value:0x0
regs:0x2d value:0x0
regs:0x2e value:0x0
regs:0x2f value:0x0
regs:0x30 value:0x35
regs:0x31 value:0x0
regs:0x32 value:0x0
regs:0x33 value:0xf
regs:0x34 value:0x5d
regs:0x35 value:0x33
regs:0x36 value:0x60
regs:0x37 value:0x0
regs:0x38 value:0x5
regs:0x39 value:0xf
regs:0x3a value:0x0
regs:0x3b value:0x0
regs:0x3c value:0xe4
regs:0x3d value:0x0
regs:0x3e value:0x0
regs:0x3f value:0x0
regs:0x40 value:0x1
regs:0x41 value:0x3
regs:0x42 value:0x0
regs:0x43 value:0x0
regs:0x44 value:0xe
regs:0x45 value:0x0
regs:0x46 value:0x0
regs:0x47 value:0x0
regs:0x48 value:0x0
regs:0x49 value:0x0
regs:0x4a value:0x0
regs:0x4b value:0x0
regs:0x4c value:0x0
regs:0x4d value:0x0
regs:0x4e value:0x0
regs:0x4f value:0x0
regs:0x50 value:0x0
regs:0x51 value:0xf
regs:0x52 value:0x0
regs:0x53 value:0x0
regs:0x54 value:0x0
regs:0x55 value:0x0
regs:0x56 value:0x0
regs:0x57 value:0x0
regs:0x58 value:0x0
regs:0x59 value:0x0
regs:0x5a value:0x0
regs:0x5b value:0x0
regs:0x5c value:0x0
regs:0x5d value:0x0
regs:0x5e value:0x0
regs:0x5f value:0x0
regs:0x60 value:0x3
regs:0x61 value:0x1f
regs:0x62 value:0x0
regs:0x63 value:0xe4
regs:0x64 value:0x0
regs:0x65 value:0x0
regs:0x66 value:0x0
regs:0x67 value:0x0
regs:0x68 value:0xff
regs:0x69 value:0xaa
regs:0x6a value:0x45
regs:0x6b value:0x0
regs:0x6c value:0xff
regs:0x6d value:0xd5
regs:0x6e value:0x22
regs:0x6f value:0x0
regs:0x70 value:0xa0
regs:0x71 value:0xa0
regs:0x72 value:0xa0
regs:0x73 value:0xa0
regs:0x74 value:0x0
regs:0x75 value:0x0
regs:0x76 value:0x1
regs:0x77 value:0x2
regs:0x78 value:0x4
regs:0x79 value:0x8
regs:0x7a value:0x0
regs:0x7b value:0x0
regs:0x7c value:0x0
regs:0x7d value:0x0
regs:0x7e value:0x0
regs:0x7f value:0x1
regs:0x80 value:0x11
regs:0x81 value:0x11
regs:0x82 value:0x0
regs:0x83 value:0x0
regs:0x84 value:0x0
regs:0x85 value:0x0
regs:0x86 value:0x0
regs:0x87 value:0x0
regs:0x88 value:0x0
regs:0x89 value:0x0
regs:0x8a value:0x0
regs:0x8b value:0x0
regs:0x8c value:0x0
regs:0x8d value:0x0
regs:0x8e value:0x0
regs:0x8f value:0x0
regs:0x90 value:0x3c
regs:0x91 value:0x3c
regs:0x92 value:0x10
regs:0x93 value:0x10
regs:0x94 value:0x0
regs:0x95 value:0x0
regs:0x96 value:0x0
regs:0x97 value:0x0
regs:0x98 value:0x0
regs:0x99 value:0x0
regs:0x9a value:0x0
regs:0x9b value:0x0
regs:0x9c value:0x0
regs:0x9d value:0x0
regs:0x9e value:0x0
regs:0x9f value:0x0
regs:0xa0 value:0x7
regs:0xa1 value:0x0
regs:0xa2 value:0x0
regs:0xa3 value:0x0
regs:0xa4 value:0x0
regs:0xa5 value:0x0
regs:0xa6 value:0x0
regs:0xa7 value:0x7
regs:0xa8 value:0x0
regs:0xa9 value:0x0
regs:0xaa value:0x0
regs:0xab value:0x0
regs:0xac value:0x0
regs:0xad value:0x0
regs:0xae value:0x7
regs:0xaf value:0x0
regs:0xb0 value:0x0
regs:0xb1 value:0x0
regs:0xb2 value:0x0
regs:0xb3 value:0x0
regs:0xb4 value:0x3
regs:0xb5 value:0x7
regs:0xb6 value:0x0
regs:0xb7 value:0x0
regs:0xb8 value:0x0
regs:0xb9 value:0x0
regs:0xba value:0x0
regs:0xbb value:0xf
regs:0xbc value:0x0
regs:0xbd value:0x0
regs:0xbe value:0x0
regs:0xbf value:0x0
regs:0xc0 value:0x77
regs:0xc1 value:0x77
regs:0xc2 value:0x0
regs:0xc3 value:0x55
regs:0xc4 value:0x0
regs:0xc5 value:0x0
regs:0xc6 value:0x0
regs:0xc7 value:0x0
